2015-07-06T22:03:55.629-0400 E NETWORK  [initandlisten] listen(): bind() failed errno:48 Address already in use for socket: 0.0.0.0:27017
2015-07-06T22:03:55.629-0400 E NETWORK  [initandlisten]   addr already in use
2015-07-06T22:03:55.643-0400 I JOURNAL  [initandlisten] journal dir=/data/rs1/journal
2015-07-06T22:03:55.644-0400 I JOURNAL  [initandlisten] recover : no journal files present, no recovery needed
2015-07-06T22:03:55.685-0400 I JOURNAL  [durability] Durability thread started
2015-07-06T22:03:55.685-0400 I CONTROL  [initandlisten] MongoDB starting : pid=18023 port=27017 dbpath=/data/rs1 64-bit host=Ankitas-MBP-2.home
2015-07-06T22:03:55.685-0400 I JOURNAL  [journal writer] Journal writer thread started
2015-07-06T22:03:55.686-0400 I CONTROL  [initandlisten] 
2015-07-06T22:03:55.686-0400 I CONTROL  [initandlisten] ** WARNING: soft rlimits too low. Number of files is 256, should be at least 1000
2015-07-06T22:03:55.686-0400 I CONTROL  [initandlisten] db version v3.0.3
2015-07-06T22:03:55.687-0400 I CONTROL  [initandlisten] git version: b40106b36eecd1b4407eb1ad1af6bc60593c6105
2015-07-06T22:03:55.687-0400 I CONTROL  [initandlisten] build info: Darwin bs-osx108-7 12.5.0 Darwin Kernel Version 12.5.0: Sun Sep 29 13:33:47 PDT 2013; root:xnu-2050.48.12~1/RELEASE_X86_64 x86_64 BOOST_LIB_VERSION=1_49
2015-07-06T22:03:55.687-0400 I CONTROL  [initandlisten] allocator: system
2015-07-06T22:03:55.687-0400 I CONTROL  [initandlisten] options: { net: { port: 27017 }, processManagement: { fork: true }, replication: { oplogSizeMB: 64, replSet: "m101" }, storage: { dbPath: "/data/rs1", mmapv1: { smallFiles: true } }, systemLog: { destination: "file", path: "1.log" } }
2015-07-06T22:03:55.706-0400 I REPL     [initandlisten] Did not find local replica set configuration document at startup;  NoMatchingDocument Did not find replica set configuration document in local.system.replset
2015-07-06T22:03:55.706-0400 I CONTROL  [initandlisten] now exiting
2015-07-06T22:03:55.707-0400 I NETWORK  [initandlisten] shutdown: going to close listening sockets...
2015-07-06T22:03:55.707-0400 I NETWORK  [initandlisten] shutdown: going to flush diaglog...
2015-07-06T22:03:55.707-0400 I NETWORK  [initandlisten] shutdown: going to close sockets...
2015-07-06T22:03:55.707-0400 I STORAGE  [initandlisten] shutdown: waiting for fs preallocator...
2015-07-06T22:03:55.708-0400 I STORAGE  [initandlisten] shutdown: final commit...
2015-07-06T22:03:55.712-0400 I JOURNAL  [initandlisten] journalCleanup...
2015-07-06T22:03:55.713-0400 I JOURNAL  [initandlisten] removeJournalFiles
2015-07-06T22:03:55.713-0400 I JOURNAL  [initandlisten] Terminating durability thread ...
2015-07-06T22:03:55.816-0400 I JOURNAL  [journal writer] Journal writer thread stopped
2015-07-06T22:03:55.816-0400 I JOURNAL  [durability] Durability thread stopped
2015-07-06T22:03:55.817-0400 I STORAGE  [initandlisten] shutdown: closing all files...
2015-07-06T22:03:55.817-0400 I STORAGE  [initandlisten] closeAllFiles() finished
2015-07-06T22:03:55.817-0400 I STORAGE  [initandlisten] shutdown: removing fs lock...
2015-07-06T22:03:55.818-0400 I CONTROL  [initandlisten] dbexit:  rc: 48
