2015-07-06T20:44:06.174-0400 E NETWORK  [initandlisten] listen(): bind() failed errno:48 Address already in use for socket: 0.0.0.0:27017
2015-07-06T20:44:06.175-0400 E NETWORK  [initandlisten]   addr already in use
2015-07-06T20:44:06.188-0400 I JOURNAL  [initandlisten] journal dir=/data/rs1/journal
2015-07-06T20:44:06.189-0400 I JOURNAL  [initandlisten] recover : no journal files present, no recovery needed
2015-07-06T20:44:06.222-0400 I JOURNAL  [durability] Durability thread started
2015-07-06T20:44:06.222-0400 I JOURNAL  [journal writer] Journal writer thread started
2015-07-06T20:44:06.223-0400 I CONTROL  [initandlisten] MongoDB starting : pid=17454 port=27017 dbpath=/data/rs1 64-bit host=Ankitas-MBP-2.home
2015-07-06T20:44:06.223-0400 I CONTROL  [initandlisten] 
2015-07-06T20:44:06.223-0400 I CONTROL  [initandlisten] ** WARNING: soft rlimits too low. Number of files is 256, should be at least 1000
2015-07-06T20:44:06.224-0400 I CONTROL  [initandlisten] db version v3.0.3
2015-07-06T20:44:06.224-0400 I CONTROL  [initandlisten] git version: b40106b36eecd1b4407eb1ad1af6bc60593c6105
2015-07-06T20:44:06.224-0400 I CONTROL  [initandlisten] build info: Darwin bs-osx108-7 12.5.0 Darwin Kernel Version 12.5.0: Sun Sep 29 13:33:47 PDT 2013; root:xnu-2050.48.12~1/RELEASE_X86_64 x86_64 BOOST_LIB_VERSION=1_49
2015-07-06T20:44:06.224-0400 I CONTROL  [initandlisten] allocator: system
2015-07-06T20:44:06.224-0400 I CONTROL  [initandlisten] options: { net: { port: 27017 }, processManagement: { fork: true }, replication: { oplogSizeMB: 64, replSet: "m101" }, storage: { dbPath: "/data/rs1", mmapv1: { smallFiles: true } }, systemLog: { destination: "file", path: "1.log" } }
2015-07-06T20:44:06.225-0400 I INDEX    [initandlisten] allocating new ns file /data/rs1/local.ns, filling with zeroes...
2015-07-06T20:44:06.286-0400 I STORAGE  [FileAllocator] allocating new datafile /data/rs1/local.0, filling with zeroes...
2015-07-06T20:44:06.286-0400 I STORAGE  [FileAllocator] creating directory /data/rs1/_tmp
2015-07-06T20:44:06.355-0400 I STORAGE  [FileAllocator] done allocating datafile /data/rs1/local.0, size: 16MB,  took 0.068 secs
2015-07-06T20:44:06.378-0400 I REPL     [initandlisten] Did not find local replica set configuration document at startup;  NoMatchingDocument Did not find replica set configuration document in local.system.replset
2015-07-06T20:44:06.381-0400 I CONTROL  [initandlisten] now exiting
2015-07-06T20:44:06.381-0400 I NETWORK  [initandlisten] shutdown: going to close listening sockets...
2015-07-06T20:44:06.382-0400 I NETWORK  [initandlisten] shutdown: going to flush diaglog...
2015-07-06T20:44:06.382-0400 I NETWORK  [initandlisten] shutdown: going to close sockets...
2015-07-06T20:44:06.382-0400 I STORAGE  [initandlisten] shutdown: waiting for fs preallocator...
2015-07-06T20:44:06.382-0400 I STORAGE  [initandlisten] shutdown: final commit...
2015-07-06T20:44:06.386-0400 I JOURNAL  [initandlisten] journalCleanup...
2015-07-06T20:44:06.388-0400 I JOURNAL  [initandlisten] removeJournalFiles
2015-07-06T20:44:06.389-0400 I JOURNAL  [initandlisten] Terminating durability thread ...
2015-07-06T20:44:06.487-0400 I JOURNAL  [journal writer] Journal writer thread stopped
2015-07-06T20:44:06.487-0400 I JOURNAL  [durability] Durability thread stopped
2015-07-06T20:44:06.487-0400 I STORAGE  [initandlisten] shutdown: closing all files...
2015-07-06T20:44:06.488-0400 I STORAGE  [initandlisten] closeAllFiles() finished
2015-07-06T20:44:06.488-0400 I STORAGE  [initandlisten] shutdown: removing fs lock...
2015-07-06T20:44:06.489-0400 I CONTROL  [initandlisten] dbexit:  rc: 48
