2015-07-06T20:44:36.603-0400 I JOURNAL  [initandlisten] journal dir=/data/rs2/journal
2015-07-06T20:44:36.603-0400 I JOURNAL  [initandlisten] recover : no journal files present, no recovery needed
2015-07-06T20:44:36.637-0400 I JOURNAL  [durability] Durability thread started
2015-07-06T20:44:36.638-0400 I JOURNAL  [journal writer] Journal writer thread started
2015-07-06T20:44:36.638-0400 I CONTROL  [initandlisten] MongoDB starting : pid=17458 port=27018 dbpath=/data/rs2 64-bit host=Ankitas-MBP-2.home
2015-07-06T20:44:36.638-0400 I CONTROL  [initandlisten] 
2015-07-06T20:44:36.639-0400 I CONTROL  [initandlisten] ** WARNING: soft rlimits too low. Number of files is 256, should be at least 1000
2015-07-06T20:44:36.639-0400 I CONTROL  [initandlisten] db version v3.0.3
2015-07-06T20:44:36.639-0400 I CONTROL  [initandlisten] git version: b40106b36eecd1b4407eb1ad1af6bc60593c6105
2015-07-06T20:44:36.640-0400 I CONTROL  [initandlisten] build info: Darwin bs-osx108-7 12.5.0 Darwin Kernel Version 12.5.0: Sun Sep 29 13:33:47 PDT 2013; root:xnu-2050.48.12~1/RELEASE_X86_64 x86_64 BOOST_LIB_VERSION=1_49
2015-07-06T20:44:36.640-0400 I CONTROL  [initandlisten] allocator: system
2015-07-06T20:44:36.640-0400 I CONTROL  [initandlisten] options: { net: { port: 27018 }, processManagement: { fork: true }, replication: { oplogSizeMB: 64, replSet: "m101" }, storage: { dbPath: "/data/rs2", mmapv1: { smallFiles: true } }, systemLog: { destination: "file", path: "2.log" } }
2015-07-06T20:44:36.641-0400 I INDEX    [initandlisten] allocating new ns file /data/rs2/local.ns, filling with zeroes...
2015-07-06T20:44:36.707-0400 I STORAGE  [FileAllocator] allocating new datafile /data/rs2/local.0, filling with zeroes...
2015-07-06T20:44:36.707-0400 I STORAGE  [FileAllocator] creating directory /data/rs2/_tmp
2015-07-06T20:44:36.767-0400 I STORAGE  [FileAllocator] done allocating datafile /data/rs2/local.0, size: 16MB,  took 0.059 secs
2015-07-06T20:44:36.789-0400 I REPL     [initandlisten] Did not find local replica set configuration document at startup;  NoMatchingDocument Did not find replica set configuration document in local.system.replset
2015-07-06T20:44:36.791-0400 I NETWORK  [initandlisten] waiting for connections on port 27018
2015-08-08T15:55:35.322-0400 I COMMAND  [PeriodicTaskRunner] task: DBConnectionPool-cleaner took: 54ms
2015-08-29T14:45:25.162-0500 I COMMAND  [PeriodicTaskRunner] task: DBConnectionPool-cleaner took: 5ms
2015-09-10T13:39:40.477-0500 I COMMAND  [PeriodicTaskRunner] task: DBConnectionPool-cleaner took: 104ms
2015-09-12T13:10:13.418-0500 I COMMAND  [PeriodicTaskRunner] task: DBConnectionPool-cleaner took: 90ms
